app/build/outputs/mapping/release/seeds.txt
com.ideasinc.followthrough.data.FollowThroughDao_Impl$2
com.ideasinc.followthrough.data.GoalDao
com.ideasinc.followthrough.data.GroundedDatabaseKt$MIGRATION_2_3$1
com.ideasinc.followthrough.data.CheckInDao_Impl$6
com.ideasinc.followthrough.GroundedApplication
com.ideasinc.followthrough.data.GroundedDatabaseKt$MIGRATION_15_16$1
com.ideasinc.followthrough.data.GroundedDatabaseKt$MIGRATION_1_2$1
com.ideasinc.followthrough.data.GroundedDatabaseKt$MIGRATION_6_7$1
com.ideasinc.followthrough.data.GroundedDatabaseKt$MIGRATION_8_9$1
com.ideasinc.followthrough.data.GroundedDatabaseKt$MIGRATION_16_17$1
com.ideasinc.followthrough.data.NoteDao_Impl
com.ideasinc.followthrough.data.QuestionLabelDao_Impl$3
com.ideasinc.followthrough.data.GroundedDatabaseKt$MIGRATION_14_15$1
com.ideasinc.followthrough.data.FollowThroughDao_Impl$1
com.ideasinc.followthrough.data.GoalDao_Impl$5
com.ideasinc.followthrough.data.CheckInDao_Impl$4
com.ideasinc.followthrough.data.GoalDao_Impl$3
com.ideasinc.followthrough.data.CheckInDao_Impl$2
com.ideasinc.followthrough.data.GroundedDatabaseKt$MIGRATION_11_12$1
com.ideasinc.followthrough.data.NoteDao_Impl$5
com.ideasinc.followthrough.data.GroundedDatabaseKt
com.ideasinc.followthrough.data.GroundedDatabaseKt$MIGRATION_12_13$1
com.ideasinc.followthrough.notifications.ReminderReceiver
com.ideasinc.followthrough.data.QuestionKeys
com.ideasinc.followthrough.data.GoalDao_Impl$9
com.ideasinc.followthrough.data.GoalDao_Impl$7
com.ideasinc.followthrough.data.GroundedDatabaseKt$MIGRATION_7_8$1
com.ideasinc.followthrough.data.GroundedDatabase_Impl
com.ideasinc.followthrough.data.NoteDao_Impl$2
com.ideasinc.followthrough.data.QuestionLabel
com.ideasinc.followthrough.data.NoteType
com.ideasinc.followthrough.data.CheckInDao_Impl
com.ideasinc.followthrough.data.GoalDao_Impl$4
com.ideasinc.followthrough.data.GroundedDatabaseKt$MIGRATION_9_10$1
com.ideasinc.followthrough.data.GoalDao_Impl
com.ideasinc.followthrough.data.QuestionLabelKt
com.ideasinc.followthrough.data.NoteDao_Impl$7
com.ideasinc.followthrough.data.CheckInDao_Impl$8
com.ideasinc.followthrough.data.GroundedDatabaseKt$MIGRATION_17_18$1
com.ideasinc.followthrough.data.CheckInDao_Impl$3
com.ideasinc.followthrough.data.GroundedDatabase_Impl$1
com.ideasinc.followthrough.data.QuestionLabelDao_Impl$2
com.ideasinc.followthrough.data.GroundedDatabaseKt$MIGRATION_4_5$1
com.ideasinc.followthrough.data.NoteDao_Impl$8
com.ideasinc.followthrough.data.CheckIn
com.ideasinc.followthrough.data.FollowThroughDao
com.ideasinc.followthrough.data.GroundedDatabaseKt$MIGRATION_21_22$1
com.ideasinc.followthrough.data.GroundedDatabase$Companion
com.ideasinc.followthrough.data.QuestionLabelDao_Impl$6
com.ideasinc.followthrough.data.Goal
com.ideasinc.followthrough.data.GroundedDatabase
com.ideasinc.followthrough.data.GroundedDatabaseKt$MIGRATION_22_23$1
com.ideasinc.followthrough.data.QuestionConfig
com.ideasinc.followthrough.data.GroundedDatabaseKt$MIGRATION_5_6$1
com.ideasinc.followthrough.data.GoalDao_Impl$1
com.ideasinc.followthrough.data.FollowThroughEntry
com.ideasinc.followthrough.data.GroundedDatabaseKt$MIGRATION_20_21$1
com.ideasinc.followthrough.data.QuestionLabelDao_Impl$1
com.ideasinc.followthrough.MainActivity
com.ideasinc.followthrough.data.FollowThroughDao_Impl$3
com.ideasinc.followthrough.data.GoalDao_Impl$2
com.ideasinc.followthrough.data.FollowThroughDao_Impl
com.ideasinc.followthrough.data.CheckInDao_Impl$1
com.ideasinc.followthrough.data.QuestionLabelDao
com.ideasinc.followthrough.data.NoteDao_Impl$6
com.ideasinc.followthrough.data.QuestionLabelDao_Impl$5
com.ideasinc.followthrough.data.NoteDao_Impl$3
com.ideasinc.followthrough.data.GoalDao_Impl$8
com.ideasinc.followthrough.data.GroundedDatabaseKt$MIGRATION_13_14$1
com.ideasinc.followthrough.data.GroundedDatabaseKt$MIGRATION_3_4$1
com.ideasinc.followthrough.data.GroundedDatabaseKt$MIGRATION_10_11$1
com.ideasinc.followthrough.data.NoteDao
com.ideasinc.followthrough.data.NoteDao_Impl$9
...
androidx.room.CoroutinesRoom$Companion$createFlow$1$1$1: androidx.room.CoroutinesRoom$Companion$createFlow$1$1$observer$1 $observer
androidx.room.MultiInstanceInvalidationClient$serviceConnection$1: androidx.room.MultiInstanceInvalidationClient this$0
androidx.room.ColumnInfo: int INTEGER
androidx.room.DatabaseConfiguration: java.util.concurrent.Executor transactionExecutor
androidx.room.ColumnInfo: int BLOB
androidx.room.CoroutinesRoom$Companion$createFlow$1$1: java.util.concurrent.Callable $callable
androidx.room.RoomTrackingLiveData: java.util.concurrent.atomic.AtomicBoolean computing
androidx.room.InvalidationTracker: androidx.room.AutoCloser autoCloser
androidx.room.AutoClosingRoomOpenHelper: androidx.room.AutoCloser autoCloser
androidx.room.DatabaseConfiguration: boolean allowDestructiveMigrationOnDowngrade
androidx.room.AutoClosingRoomOpenHelper$AutoClosingSupportSqliteStatement$simpleQueryForString$1: androidx.room.AutoClosingRoomOpenHelper$AutoClosingSupportSqliteStatement$simpleQueryForString$1 INSTANCE
androidx.room.RoomDatabaseKt$invalidationTrackerFlow$1$1: kotlinx.coroutines.Job $job
androidx.room.util.TableInfo$Index: java.util.List columns
androidx.lifecycle.LiveData: java.lang.Object mPendingData
androidx.room.util.TableInfo: java.util.Set foreignKeys
androidx.room.RoomSQLiteQuery: java.util.TreeMap queryPool
androidx.room.InvalidationTracker: androidx.room.InvalidationTracker$Companion Companion
androidx.room.AutoClosingRoomOpenHelper$AutoClosingSupportSQLiteDatabase$setMaxSqlCacheSize$1: int $cacheSize
androidx.room.AutoCloser: androidx.room.AutoCloser$Companion Companion
kotlinx.coroutines.scheduling.CoroutineScheduler: long parkedWorkersStack$volatile
androidx.room.AutoClosingRoomOpenHelper$AutoClosingSupportSQLiteDatabase$execSQL$2: java.lang.Object[] $bindArgs
androidx.room.OnConflictStrategy: int IGNORE
androidx.room.AutoClosingRoomOpenHelper$AutoClosingSupportSQLiteDatabase$version$2: int $version
androidx.room.CoroutinesRoom$Companion$createFlow$1$1: int label
androidx.room.TransactionExecutor: java.util.ArrayDeque tasks
androidx.room.AutoCloser: java.lang.Object lock
kotlinx.coroutines.internal.ResizableAtomicArray: java.util.concurrent.atomic.AtomicReferenceArray array
androidx.room.Room: java.lang.String MASTER_TABLE_NAME
androidx.room.ColumnInfo: int UNSPECIFIED
androidx.room.AutoClosingRoomOpenHelper$AutoClosingSupportSQLiteDatabase$insert$1: android.content.ContentValues $values
androidx.room.RoomOpenHelper: androidx.room.RoomOpenHelper$Delegate delegate
androidx.room.AmbiguousColumnResolver$Solution: int overlaps
androidx.room.AutoClosingRoomOpenHelper$AutoClosingSupportSQLiteDatabase$isDbLockedByCurrentThread$1: androidx.room.AutoClosingRoomOpenHelper$AutoClosingSupportSQLiteDatabase$isDbLockedByCurrentThread$1 INSTANCE
androidx.room.SQLiteCopyOpenHelper: java.lang.String copyFromAssetPath
androidx.versionedparcelable.ParcelImpl: android.os.Parcelable$Creator CREATOR
kotlinx.coroutines.internal.LockFreeLinkedListNode: java.lang.Object _next$volatile
androidx.room.RoomDatabaseKt$invalidationTrackerFlow$1: androidx.room.RoomDatabase $this_invalidationTrackerFlow
androidx.room.ColumnInfo: java.lang.String VALUE_UNSPECIFIED
androidx.room.RoomWarnings: java.lang.String CURSOR_MISMATCH
androidx.room.MultiInstanceInvalidationClient: java.lang.String name
androidx.room.SharedSQLiteStatement$stmt$2: androidx.room.SharedSQLiteStatement this$0
androidx.room.MultiInstanceInvalidationClient: android.content.ServiceConnection serviceConnection
androidx.room.AutoClosingRoomOpenHelper$AutoClosingSupportSQLiteDatabase$execSQL$2: java.lang.String $sql
androidx.room.AutoClosingRoomOpenHelper$AutoClosingSupportSQLiteDatabase$inTransaction$1: androidx.room.AutoClosingRoomOpenHelper$AutoClosingSupportSQLiteDatabase$inTransaction$1 INSTANCE
androidx.room.AutoClosingRoomOpenHelper$AutoClosingSupportSQLiteDatabase$update$1: java.lang.String $whereClause