app/build/outputs/mapping/release/usage.txt
com.ideasinc.followthrough.BuildConfig
com.ideasinc.followthrough.GroundedApplicationKt
com.ideasinc.followthrough.MainActivity:
    public static final int $stable
    private static final java.lang.String KEY_AUTH_DONE
com.ideasinc.followthrough.R$color
com.ideasinc.followthrough.R$drawable:
    public static int ic_launcher_background
    private void <init>()
com.ideasinc.followthrough.R$font:
    public static int dmsans_variable
    public static int lora_variable
    public static int lora_variable_italic
    private void <init>()
com.ideasinc.followthrough.R$mipmap:
    public static int ic_launcher_background
    public static int ic_launcher_round
    private void <init>()
com.ideasinc.followthrough.R$string
com.ideasinc.followthrough.R$style
com.ideasinc.followthrough.R
com.ideasinc.followthrough.di.AppContainer:
    public static final int $stable
    public final com.ideasinc.followthrough.data.FollowThroughDao getFollowThroughDao()
    public final com.ideasinc.followthrough.data.NoteDao getNoteDao()
com.ideasinc.followthrough.navigation.AppNavigationKt:
    private static final java.lang.String ARG_CHECKIN_ID
    private static final java.lang.String ARG_GOAL_ID
    public static final int CURRENT_ONBOARDING_VERSION
    public static final java.lang.String KEY_BIOMETRIC_ENABLED
    public static final java.lang.String KEY_ONBOARDING_VERSION
    public static final java.lang.String PREFS_NAME
    private static final java.lang.String ROUTE_CHECKIN_FLOW
    private static final java.lang.String ROUTE_CHECKIN_READ
    private static final java.lang.String ROUTE_CUSTOMIZE_QUESTIONS
    private static final java.lang.String ROUTE_GOAL_DETAIL
    private static final java.lang.String ROUTE_LAUNCH_INSIGHT
    private static final java.lang.String ROUTE_LIST
    private static final java.lang.String ROUTE_NEW_GOAL
    private static final java.lang.String ROUTE_ONBOARDING
    private static final java.lang.String ROUTE_SETTINGS
    private static final java.lang.String ROUTE_STATS
com.ideasinc.followthrough.notifications.BootReceiver:
    public static final int $stable
com.ideasinc.followthrough.notifications.ReminderReceiver:
    public static final int $stable
com.ideasinc.followthrough.notifications.ReminderReceiverKt
com.ideasinc.followthrough.notifications.ReminderScheduler:
    public static final int $stable
com.ideasinc.followthrough.notifications.ReminderSchedulerKt:
    public static final java.lang.String ACTION_REMINDER
    public static final java.lang.String EXTRA_REMINDER_DAY
    public static final java.lang.String KEY_REMINDERS_ENABLED
    public static final java.lang.String KEY_REMINDER_DAYS
    public static final java.lang.String KEY_REMINDER_HOUR
    public static final java.lang.String KEY_REMINDER_MINUTE
    public static final java.lang.String PREFS_REMINDERS
com.ideasinc.followthrough.ui.AccessibilityKt$AccessibilityReorderArrows$2$1
com.ideasinc.followthrough.ui.AccessibilityKt$AccessibilityReorderArrows$2$2
com.ideasinc.followthrough.ui.AccessibilityKt:
    public static final void AccessibilityReorderArrows(boolean,boolean,boolean,kotlin.jvm.functions.Function0,kotlin.jvm.functions.Function0,androidx.compose.ui.Modifier,androidx.compose.runtime.Composer,int,int)
    private static final kotlin.Unit AccessibilityReorderArrows$lambda$10(boolean,boolean,boolean,kotlin.jvm.functions.Function0,kotlin.jvm.functions.Function0,androidx.compose.ui.Modifier,int,int,androidx.compose.runtime.Composer,int)
    private static final kotlin.Unit AccessibilityReorderArrows$lambda$12(boolean,boolean,boolean,kotlin.jvm.functions.Function0,kotlin.jvm.functions.Function0,androidx.compose.ui.Modifier,int,int,androidx.compose.runtime.Composer,int)
com.ideasinc.followthrough.ui.MarkdownUtilsKt
...
androidx.profileinstaller.ProfileInstaller$DiagnosticCode
androidx.profileinstaller.ProfileInstaller$ResultCode
androidx.profileinstaller.ProfileInstaller:
    public static final int DIAGNOSTIC_CURRENT_PROFILE_DOES_NOT_EXIST
    public static final int DIAGNOSTIC_CURRENT_PROFILE_EXISTS
    public static final int DIAGNOSTIC_PROFILE_IS_COMPRESSED
    public static final int DIAGNOSTIC_REF_PROFILE_DOES_NOT_EXIST
    public static final int DIAGNOSTIC_REF_PROFILE_EXISTS
    private static final java.lang.String PROFILE_BASE_DIR
    private static final java.lang.String PROFILE_FILE
    private static final java.lang.String PROFILE_INSTALLER_SKIP_FILE_NAME
    private static final java.lang.String PROFILE_META_LOCATION
    private static final java.lang.String PROFILE_SOURCE_LOCATION
    public static final int RESULT_ALREADY_INSTALLED
    public static final int RESULT_BASELINE_PROFILE_NOT_FOUND
    public static final int RESULT_BENCHMARK_OPERATION_FAILURE
    public static final int RESULT_BENCHMARK_OPERATION_SUCCESS
    public static final int RESULT_BENCHMARK_OPERATION_UNKNOWN
    public static final int RESULT_DELETE_SKIP_FILE_SUCCESS
    public static final int RESULT_DESIRED_FORMAT_UNSUPPORTED
    public static final int RESULT_INSTALL_SKIP_FILE_SUCCESS
    public static final int RESULT_INSTALL_SUCCESS
    public static final int RESULT_IO_EXCEPTION
    public static final int RESULT_META_FILE_REQUIRED_BUT_NOT_FOUND
    public static final int RESULT_NOT_WRITABLE
    public static final int RESULT_PARSE_EXCEPTION
    public static final int RESULT_SAVE_PROFILE_SIGNALLED
androidx.profileinstaller.ProfileInstallerInitializer$Choreographer16Impl:
    private void <init>()
androidx.profileinstaller.ProfileInstallerInitializer$Handler28Impl:
    private void <init>()
androidx.profileinstaller.ProfileInstallerInitializer:
    private static final int DELAY_MS
androidx.profileinstaller.ProfileTranscoder:
    private static final int HOT
    private static final int INLINE_CACHE_MEGAMORPHIC_ENCODING
    private static final int INLINE_CACHE_MISSING_TYPES_ENCODING
    private static final int POST_STARTUP
    private static final int STARTUP
    private void <init>()
androidx.profileinstaller.ProfileVerifier$Api33Impl:
    private void <init>()
androidx.profileinstaller.ProfileVerifier$Cache:
    private static final int SCHEMA
androidx.profileinstaller.ProfileVerifier$CompilationStatus$ResultCode
androidx.profileinstaller.ProfileVerifier$CompilationStatus:
    public static final int RESULT_CODE_COMPILED_WITH_PROFILE
    public static final int RESULT_CODE_COMPILED_WITH_PROFILE_NON_MATCHING
    public static final int RESULT_CODE_ERROR_CACHE_FILE_EXISTS_BUT_CANNOT_BE_READ
    public static final int RESULT_CODE_ERROR_CANT_WRITE_PROFILE_VERIFICATION_RESULT_CACHE_FILE
    private static final int RESULT_CODE_ERROR_CODE_BIT_SHIFT
    public static final int RESULT_CODE_ERROR_PACKAGE_NAME_DOES_NOT_EXIST
    public static final int RESULT_CODE_ERROR_UNSUPPORTED_API_VERSION
    public static final int RESULT_CODE_NO_PROFILE
    public static final int RESULT_CODE_PROFILE_ENQUEUED_FOR_COMPILATION
    public int getProfileInstallResultCode()
    public boolean hasProfileEnqueuedForCompilation()
    public boolean isCompiledWithProfile()
androidx.profileinstaller.ProfileVerifier:
    private static final java.lang.String CUR_PROFILES_BASE_DIR
    private static final java.lang.String PROFILE_FILE_NAME
    private static final java.lang.String PROFILE_INSTALLED_CACHE_FILE_NAME
    private static final java.lang.String REF_PROFILES_BASE_DIR
    private static final java.lang.String TAG
    private void <init>()
    public static com.google.common.util.concurrent.ListenableFuture getCompilationStatusAsync()
    public static androidx.profileinstaller.ProfileVerifier$CompilationStatus writeProfileVerification(android.content.Context)